[GIN-debug] [WARNING] Creating an Engine instance with the Logger and Recovery middleware already attached.

[GIN-debug] [WARNING] Running in "debug" mode. Switch to "release" mode in production.
 - using env:	export GIN_MODE=release
 - using code:	gin.SetMode(gin.ReleaseMode)

[GIN-debug] GET    /health                   --> github.com/zooplatforma/backend/internal/router.Setup.func1 (4 handlers)
[GIN-debug] GET    /ws                       --> github.com/zooplatforma/backend/internal/shared/websocket.(*Handler).HandleWebSocket-fm (4 handlers)
[GIN-debug] GET    /api/auth/vk/login        --> github.com/zooplatforma/backend/internal/shared/oauth.(*VKHandler).Login-fm (6 handlers)
[GIN-debug] GET    /api/auth/vk/callback     --> github.com/zooplatforma/backend/internal/shared/oauth.(*VKHandler).Callback-fm (6 handlers)
[GIN-debug] POST   /api/auth/vk/sdk-callback --> github.com/zooplatforma/backend/internal/shared/oauth.(*VKHandler).SDKCallback-fm (6 handlers)
[GIN-debug] POST   /api/auth/register        --> github.com/zooplatforma/backend/internal/shared/auth.(*Handler).Register-fm (6 handlers)
[GIN-debug] POST   /api/auth/login           --> github.com/zooplatforma/backend/internal/shared/auth.(*Handler).Login-fm (6 handlers)
[GIN-debug] POST   /api/auth/logout          --> github.com/zooplatforma/backend/internal/shared/auth.(*Handler).Logout-fm (6 handlers)
[GIN-debug] POST   /api/auth/forgot-password --> github.com/zooplatforma/backend/internal/shared/auth.(*Handler).ForgotPassword-fm (6 handlers)
[GIN-debug] POST   /api/auth/reset-password  --> github.com/zooplatforma/backend/internal/shared/auth.(*Handler).ResetPassword-fm (6 handlers)
[GIN-debug] POST   /api/auth/change-password --> github.com/zooplatforma/backend/internal/shared/auth.(*Handler).ChangePassword-fm (6 handlers)
[GIN-debug] POST   /api/auth/admin/users/:id/temp-password --> github.com/zooplatforma/backend/internal/shared/auth.(*Handler).AdminGenerateTempPassword-fm (6 handlers)
[GIN-debug] GET    /api/auth/me              --> github.com/zooplatforma/backend/internal/shared/auth.(*Handler).Me-fm (6 handlers)
[GIN-debug] GET    /api/users                --> github.com/zooplatforma/backend/internal/mainfrontend/users.(*Handler).GetAll-fm (6 handlers)
[GIN-debug] GET    /api/users/stats          --> github.com/zooplatforma/backend/internal/mainfrontend/users.(*Handler).GetStats-fm (6 handlers)
[GIN-debug] GET    /api/users/:id            --> github.com/zooplatforma/backend/internal/mainfrontend/users.(*Handler).GetByID-fm (6 handlers)
[GIN-debug] GET    /api/users/logs/:id       --> github.com/zooplatforma/backend/internal/mainfrontend/users.(*Handler).GetLogs-fm (6 handlers)
[GIN-debug] GET    /api/users/storage/:id    --> github.com/zooplatforma/backend/internal/mainfrontend/users.(*Handler).GetStorage-fm (6 handlers)
[GIN-debug] GET    /api/users/:id/followers  --> github.com/zooplatforma/backend/internal/mainfrontend/followers.(*Handler).GetFollowers-fm (6 handlers)
[GIN-debug] GET    /api/users/:id/following  --> github.com/zooplatforma/backend/internal/mainfrontend/followers.(*Handler).GetFollowing-fm (6 handlers)
[GIN-debug] GET    /api/users/:id/follow_status --> github.com/zooplatforma/backend/internal/mainfrontend/followers.(*Handler).GetStatus-fm (6 handlers)
[GIN-debug] POST   /api/users/:id/follow     --> github.com/zooplatforma/backend/internal/mainfrontend/followers.(*Handler).Follow-fm (6 handlers)
[GIN-debug] POST   /api/users/:id/unfollow   --> github.com/zooplatforma/backend/internal/mainfrontend/followers.(*Handler).Unfollow-fm (6 handlers)
[GIN-debug] PUT    /api/profile              --> github.com/zooplatforma/backend/internal/mainfrontend/users.(*Handler).UpdateProfile-fm (6 handlers)
[GIN-debug] POST   /api/profile/avatar       --> github.com/zooplatforma/backend/internal/mainfrontend/users.(*Handler).UploadAvatar-fm (6 handlers)
[GIN-debug] DELETE /api/profile/avatar/delete --> github.com/zooplatforma/backend/internal/mainfrontend/users.(*Handler).DeleteAvatar-fm (6 handlers)
[GIN-debug] POST   /api/profile/cover        --> github.com/zooplatforma/backend/internal/mainfrontend/users.(*Handler).UploadCover-fm (6 handlers)
[GIN-debug] DELETE /api/profile/cover/delete --> github.com/zooplatforma/backend/internal/mainfrontend/users.(*Handler).DeleteCover-fm (6 handlers)
[GIN-debug] POST   /api/posts                --> github.com/zooplatforma/backend/internal/mainfrontend/posts.(*Handler).CreatePost-fm (6 handlers)
[GIN-debug] GET    /api/posts                --> github.com/zooplatforma/backend/internal/mainfrontend/posts.(*Handler).GetPosts-fm (6 handlers)
[GIN-debug] GET    /api/posts/:id            --> github.com/zooplatforma/backend/internal/mainfrontend/posts.(*Handler).GetPostByID-fm (6 handlers)
[GIN-debug] GET    /api/posts/user/:id       --> github.com/zooplatforma/backend/internal/mainfrontend/posts.(*Handler).GetUserPosts-fm (6 handlers)
[GIN-debug] GET    /api/posts/pet/:id        --> github.com/zooplatforma/backend/internal/mainfrontend/posts.(*Handler).GetPetPosts-fm (6 handlers)
[GIN-debug] GET    /api/posts/organization/:id --> github.com/zooplatforma/backend/internal/mainfrontend/posts.(*Handler).GetOrganizationPosts-fm (6 handlers)
[GIN-debug] PUT    /api/posts/:id            --> github.com/zooplatforma/backend/internal/mainfrontend/posts.(*Handler).UpdatePost-fm (6 handlers)
[GIN-debug] DELETE /api/posts/:id            --> github.com/zooplatforma/backend/internal/mainfrontend/posts.(*Handler).DeletePost-fm (6 handlers)
[GIN-debug] GET    /api/posts/:id/like       --> github.com/zooplatforma/backend/internal/mainfrontend/posts.(*Handler).GetLikeStatus-fm (6 handlers)
[GIN-debug] POST   /api/posts/:id/like       --> github.com/zooplatforma/backend/internal/mainfrontend/posts.(*Handler).ToggleLike-fm (6 handlers)
[GIN-debug] GET    /api/posts/:id/likers     --> github.com/zooplatforma/backend/internal/mainfrontend/posts.(*Handler).GetLikers-fm (6 handlers)
[GIN-debug] GET    /api/pets/user/:id        --> github.com/zooplatforma/backend/internal/mainfrontend/pets.(*Handler).GetUserPets-fm (6 handlers)
[GIN-debug] GET    /api/pets/catalog         --> github.com/zooplatforma/backend/internal/mainfrontend/pets.(*Handler).GetCatalog-fm (6 handlers)
[GIN-debug] GET    /api/pets/:id             --> github.com/zooplatforma/backend/internal/mainfrontend/pets.(*Handler).GetByID-fm (6 handlers)
[GIN-debug] GET    /api/friends              --> github.com/zooplatforma/backend/internal/mainfrontend/friends.(*Handler).GetFriends-fm (6 handlers)
[GIN-debug] GET    /api/friends/requests     --> github.com/zooplatforma/backend/internal/mainfrontend/friends.(*Handler).GetRequests-fm (6 handlers)
[GIN-debug] GET    /api/friends/status/:id   --> github.com/zooplatforma/backend/internal/mainfrontend/friends.(*Handler).GetStatus-fm (6 handlers)
[GIN-debug] GET    /api/friends/user/:id     --> github.com/zooplatforma/backend/internal/mainfrontend/friends.(*Handler).GetUserFriends-fm (6 handlers)
[GIN-debug] POST   /api/friends/request      --> github.com/zooplatforma/backend/internal/mainfrontend/friends.(*Handler).SendRequest-fm (6 handlers)
[GIN-debug] POST   /api/friends/accept       --> github.com/zooplatforma/backend/internal/mainfrontend/friends.(*Handler).AcceptRequest-fm (6 handlers)
[GIN-debug] POST   /api/friends/reject       --> github.com/zooplatforma/backend/internal/mainfrontend/friends.(*Handler).RejectRequest-fm (6 handlers)
[GIN-debug] DELETE /api/friends/remove       --> github.com/zooplatforma/backend/internal/mainfrontend/friends.(*Handler).RemoveFriend-fm (6 handlers)
[GIN-debug] GET    /api/notifications        --> github.com/zooplatforma/backend/internal/mainfrontend/notifications.(*Handler).GetNotifications-fm (6 handlers)
[GIN-debug] GET    /api/notifications/unread --> github.com/zooplatforma/backend/internal/mainfrontend/notifications.(*Handler).GetUnreadCount-fm (6 handlers)
[GIN-debug] PUT    /api/notifications/:id/read --> github.com/zooplatforma/backend/internal/mainfrontend/notifications.(*Handler).MarkAsRead-fm (6 handlers)
[GIN-debug] POST   /api/notifications/mark-all-read --> github.com/zooplatforma/backend/internal/mainfrontend/notifications.(*Handler).MarkAllAsRead-fm (6 handlers)
[GIN-debug] GET    /api/organizations/all    --> github.com/zooplatforma/backend/internal/mainfrontend/organizations.(*Handler).GetAll-fm (6 handlers)
[GIN-debug] GET    /api/organizations/my     --> github.com/zooplatforma/backend/internal/mainfrontend/organizations.(*Handler).GetMy-fm (6 handlers)
[GIN-debug] GET    /api/organizations/check-inn/:inn --> github.com/zooplatforma/backend/internal/mainfrontend/organizations.(*Handler).CheckByInn-fm (6 handlers)
[GIN-debug] GET    /api/organizations/:id    --> github.com/zooplatforma/backend/internal/mainfrontend/organizations.(*Handler).GetByID-fm (6 handlers)
[GIN-debug] GET    /api/organizations/members/:id --> github.com/zooplatforma/backend/internal/mainfrontend/organizations.(*Handler).GetMembers-fm (6 handlers)
[GIN-debug] POST   /api/organizations        --> github.com/zooplatforma/backend/internal/mainfrontend/organizations.(*Handler).Create-fm (6 handlers)
[GIN-debug] POST   /api/organizations/claim-ownership/:id --> github.com/zooplatforma/backend/internal/mainfrontend/organizations.(*Handler).ClaimOwnership-fm (6 handlers)
[GIN-debug] GET    /api/messages/unread      --> github.com/zooplatforma/backend/internal/mainfrontend/chats.(*Handler).GetUnreadCount-fm (6 handlers)
[GIN-debug] POST   /api/messages/send        --> github.com/zooplatforma/backend/internal/mainfrontend/chats.(*Handler).SendMessage-fm (6 handlers)
[GIN-debug] POST   /api/messages/send-media  --> github.com/zooplatforma/backend/internal/mainfrontend/chats.(*Handler).SendMessageWithMedia-fm (6 handlers)
[GIN-debug] GET    /api/media/stats          --> github.com/zooplatforma/backend/internal/mainfrontend/media.(*Handler).GetStats-fm (6 handlers)
[GIN-debug] GET    /api/media/user/:id       --> github.com/zooplatforma/backend/internal/mainfrontend/media.(*Handler).GetUserMedia-fm (6 handlers)
[GIN-debug] POST   /api/media/upload         --> github.com/zooplatforma/backend/internal/mainfrontend/media.(*Handler).Upload-fm (6 handlers)
[GIN-debug] POST   /api/media/chunked/initiate --> github.com/zooplatforma/backend/internal/mainfrontend/media.(*Handler).InitiateChunkedUpload-fm (6 handlers)
[GIN-debug] POST   /api/media/chunked/upload --> github.com/zooplatforma/backend/internal/mainfrontend/media.(*Handler).UploadChunk-fm (6 handlers)
[GIN-debug] POST   /api/media/chunked/complete --> github.com/zooplatforma/backend/internal/mainfrontend/media.(*Handler).CompleteChunkedUpload-fm (6 handlers)
[GIN-debug] GET    /api/chats                --> github.com/zooplatforma/backend/internal/mainfrontend/chats.(*Handler).GetChats-fm (6 handlers)
[GIN-debug] GET    /api/chats/:id/messages   --> github.com/zooplatforma/backend/internal/mainfrontend/chats.(*Handler).GetMessages-fm (6 handlers)
[GIN-debug] POST   /api/chats/:id/mark-read  --> github.com/zooplatforma/backend/internal/mainfrontend/chats.(*Handler).MarkAsRead-fm (6 handlers)
[GIN-debug] GET    /api/comments/post/:id    --> github.com/zooplatforma/backend/internal/mainfrontend/comments.(*Handler).GetPostComments-fm (6 handlers)
[GIN-debug] POST   /api/comments/post/:id    --> github.com/zooplatforma/backend/internal/mainfrontend/comments.(*Handler).CreateComment-fm (6 handlers)
[GIN-debug] DELETE /api/comments/:id         --> github.com/zooplatforma/backend/internal/mainfrontend/comments.(*Handler).DeleteComment-fm (6 handlers)
[GIN-debug] POST   /api/comments/:id/approve --> github.com/zooplatforma/backend/internal/mainfrontend/comments.(*Handler).ApproveComment-fm (6 handlers)
[GIN-debug] POST   /api/comments/:id/reject  --> github.com/zooplatforma/backend/internal/mainfrontend/comments.(*Handler).RejectComment-fm (6 handlers)
[GIN-debug] GET    /api/polls/post/:post_id  --> github.com/zooplatforma/backend/internal/mainfrontend/polls.(*Handler).GetPollByPostID-fm (6 handlers)
[GIN-debug] POST   /api/polls/:id/vote       --> github.com/zooplatforma/backend/internal/mainfrontend/polls.(*Handler).VotePoll-fm (6 handlers)
[GIN-debug] DELETE /api/polls/:id/vote       --> github.com/zooplatforma/backend/internal/mainfrontend/polls.(*Handler).DeleteVote-fm (6 handlers)
[GIN-debug] POST   /api/reports              --> github.com/zooplatforma/backend/internal/mainfrontend/reports.(*Handler).CreateReport-fm (6 handlers)
[GIN-debug] POST   /api/support              --> github.com/zooplatforma/backend/internal/mainfrontend/support.(*Handler).CreateSupportMessage-fm (6 handlers)
[GIN-debug] GET    /api/search               --> github.com/zooplatforma/backend/internal/mainfrontend/search.(*Handler).Search-fm (6 handlers)
[GIN-debug] POST   /api/admin/auth/login     --> github.com/zooplatforma/backend/internal/shared/auth.(*Handler).Login-fm (6 handlers)
[GIN-debug] GET    /api/admin/auth/me        --> github.com/zooplatforma/backend/internal/shared/auth.(*Handler).Me-fm (6 handlers)
[GIN-debug] GET    /api/admin/activity/stats --> github.com/zooplatforma/backend/internal/admin/activity.(*Handler).GetActivityStats-fm (6 handlers)
[GIN-debug] GET    /api/admin/user-activity  --> github.com/zooplatforma/backend/internal/admin/activity.(*Handler).GetUserActivityLogs-fm (6 handlers)
[GIN-debug] GET    /api/admin/user-activity/stats --> github.com/zooplatforma/backend/internal/admin/activity.(*Handler).GetUserActivityStats-fm (6 handlers)
[GIN-debug] GET    /api/admin/user-activity/user/:id --> github.com/zooplatforma/backend/internal/admin/activity.(*Handler).GetUserActivityByUserID-fm (6 handlers)
[GIN-debug] GET    /api/admin/logs           --> github.com/zooplatforma/backend/internal/admin/activity.(*Handler).GetAdminLogs-fm (6 handlers)
[GIN-debug] GET    /api/admin/logs/stats     --> github.com/zooplatforma/backend/internal/admin/activity.(*Handler).GetAdminLogsStats-fm (6 handlers)
[GIN-debug] GET    /api/admin/moderation/reports --> github.com/zooplatforma/backend/internal/admin/moderation.(*Handler).GetReports-fm (6 handlers)
[GIN-debug] PUT    /api/admin/moderation/reports/:id --> github.com/zooplatforma/backend/internal/admin/moderation.(*Handler).ReviewReport-fm (6 handlers)
[GIN-debug] GET    /api/admin/moderation/stats --> github.com/zooplatforma/backend/internal/admin/moderation.(*Handler).GetStats-fm (6 handlers)
[GIN-debug] GET    /api/admin/monitoring/errors --> github.com/zooplatforma/backend/internal/admin/monitoring.(*Handler).GetErrorLogs-fm (6 handlers)
[GIN-debug] GET    /api/admin/monitoring/metrics --> github.com/zooplatforma/backend/internal/admin/monitoring.(*Handler).GetMetrics-fm (6 handlers)
[GIN-debug] GET    /api/admin/monitoring/error-stats --> github.com/zooplatforma/backend/internal/admin/monitoring.(*Handler).GetErrorStats-fm (6 handlers)
[GIN-debug] GET    /api/admin/support        --> github.com/zooplatforma/backend/internal/admin/support.(*Handler).GetMessages-fm (6 handlers)
[GIN-debug] GET    /api/admin/support/:id    --> github.com/zooplatforma/backend/internal/admin/support.(*Handler).GetMessageByID-fm (6 handlers)
[GIN-debug] PUT    /api/admin/support/:id/status --> github.com/zooplatforma/backend/internal/admin/support.(*Handler).UpdateMessageStatus-fm (6 handlers)
[GIN-debug] PUT    /api/admin/support/:id/notes --> github.com/zooplatforma/backend/internal/admin/support.(*Handler).UpdateMessageNotes-fm (6 handlers)
[GIN-debug] POST   /api/admin/support/:id/comments --> github.com/zooplatforma/backend/internal/admin/support.(*Handler).AddMessageComment-fm (6 handlers)
[GIN-debug] POST   /api/owner/auth/login     --> github.com/zooplatforma/backend/internal/shared/auth.(*Handler).Login-fm (6 handlers)
[GIN-debug] POST   /api/owner/auth/logout    --> github.com/zooplatforma/backend/internal/shared/auth.(*Handler).Logout-fm (6 handlers)
[GIN-debug] GET    /api/owner/auth/me        --> github.com/zooplatforma/backend/internal/shared/auth.(*Handler).Me-fm (6 handlers)
[GIN-debug] GET    /api/owner/breeds         --> github.com/zooplatforma/backend/internal/owner.SetupRoutes.func1 (6 handlers)
[GIN-debug] POST   /api/owner/breeds         --> github.com/zooplatforma/backend/internal/owner.SetupRoutes.func2 (6 handlers)
[GIN-debug] PUT    /api/owner/breeds/:id     --> github.com/zooplatforma/backend/internal/owner.SetupRoutes.func3 (6 handlers)
[GIN-debug] DELETE /api/owner/breeds/:id     --> github.com/zooplatforma/backend/internal/owner.SetupRoutes.func4 (6 handlers)
[GIN-debug] GET    /api/owner/pets           --> github.com/zooplatforma/backend/internal/owner.SetupRoutes.func5 (6 handlers)
[GIN-debug] POST   /api/owner/pets           --> github.com/zooplatforma/backend/internal/owner.SetupRoutes.func6 (6 handlers)
[GIN-debug] GET    /api/owner/pets/:id       --> github.com/zooplatforma/backend/internal/mainfrontend/pets.(*Handler).GetByID-fm (6 handlers)
[GIN-debug] POST   /api/owner/pets/:id/photo --> github.com/zooplatforma/backend/internal/owner.SetupRoutes.func7 (6 handlers)
[GIN-debug] PUT    /api/owner/pets/:id       --> github.com/zooplatforma/backend/internal/owner.SetupRoutes.func8 (6 handlers)
[GIN-debug] GET    /api/owner/pets/:id/vaccinations --> github.com/zooplatforma/backend/internal/mainfrontend/pets.(*Handler).GetVaccinations-fm (6 handlers)
[GIN-debug] POST   /api/owner/pets/:id/vaccinations --> github.com/zooplatforma/backend/internal/mainfrontend/pets.(*Handler).CreateVaccination-fm (6 handlers)
[GIN-debug] GET    /api/owner/pets/:id/treatments --> github.com/zooplatforma/backend/internal/mainfrontend/pets.(*Handler).GetTreatments-fm (6 handlers)
[GIN-debug] POST   /api/owner/pets/:id/treatments --> github.com/zooplatforma/backend/internal/mainfrontend/pets.(*Handler).CreateTreatment-fm (6 handlers)
[GIN-debug] GET    /api/owner/pets/:id/medical-records --> github.com/zooplatforma/backend/internal/mainfrontend/pets.(*Handler).GetMedicalRecords-fm (6 handlers)
[GIN-debug] POST   /api/owner/pets/:id/medical-records --> github.com/zooplatforma/backend/internal/mainfrontend/pets.(*Handler).CreateMedicalRecord-fm (6 handlers)
[GIN-debug] GET    /api/owner/pets/:id/timeline --> github.com/zooplatforma/backend/internal/mainfrontend/pets.(*Handler).GetTimeline-fm (6 handlers)
[GIN-debug] PUT    /api/owner/vaccinations/:id --> github.com/zooplatforma/backend/internal/mainfrontend/pets.(*Handler).UpdateVaccination-fm (6 handlers)
[GIN-debug] DELETE /api/owner/vaccinations/:id --> github.com/zooplatforma/backend/internal/mainfrontend/pets.(*Handler).DeleteVaccination-fm (6 handlers)
[GIN-debug] PUT    /api/owner/treatments/:id --> github.com/zooplatforma/backend/internal/mainfrontend/pets.(*Handler).UpdateTreatment-fm (6 handlers)
[GIN-debug] DELETE /api/owner/treatments/:id --> github.com/zooplatforma/backend/internal/mainfrontend/pets.(*Handler).DeleteTreatment-fm (6 handlers)
[GIN-debug] PUT    /api/owner/medical-records/:id --> github.com/zooplatforma/backend/internal/mainfrontend/pets.(*Handler).UpdateMedicalRecord-fm (6 handlers)
[GIN-debug] DELETE /api/owner/medical-records/:id --> github.com/zooplatforma/backend/internal/mainfrontend/pets.(*Handler).DeleteMedicalRecord-fm (6 handlers)
[GIN-debug] GET    /api/owner/organizations  --> github.com/zooplatforma/backend/internal/mainfrontend/organizations.(*Handler).GetAll-fm (6 handlers)
[GIN-debug] GET    /api/owner/organizations/:id --> github.com/zooplatforma/backend/internal/mainfrontend/organizations.(*Handler).GetByID-fm (6 handlers)
[GIN-debug] GET    /api/owner/health         --> github.com/zooplatforma/backend/internal/owner.SetupRoutes.func9 (6 handlers)
[GIN-debug] POST   /api/pethelper/auth/login --> github.com/zooplatforma/backend/internal/shared/auth.(*Handler).Login-fm (6 handlers)
[GIN-debug] POST   /api/pethelper/auth/logout --> github.com/zooplatforma/backend/internal/shared/auth.(*Handler).Logout-fm (6 handlers)
[GIN-debug] GET    /api/pethelper/auth/me    --> github.com/zooplatforma/backend/internal/shared/auth.(*Handler).Me-fm (6 handlers)
[GIN-debug] GET    /api/pethelper/breeds     --> github.com/zooplatforma/backend/internal/pethelper.SetupRoutes.func1 (6 handlers)
[GIN-debug] GET    /api/pethelper/pets       --> github.com/zooplatforma/backend/internal/pethelper.SetupRoutes.func2 (6 handlers)
[GIN-debug] POST   /api/pethelper/pets       --> github.com/zooplatforma/backend/internal/pethelper.SetupRoutes.func3 (6 handlers)
[GIN-debug] GET    /api/pethelper/pets/:id   --> github.com/zooplatforma/backend/internal/mainfrontend/pets.(*Handler).GetByID-fm (6 handlers)
[GIN-debug] POST   /api/pethelper/pets/:id/photo --> github.com/zooplatforma/backend/internal/pethelper.SetupRoutes.func4 (6 handlers)
[GIN-debug] PUT    /api/pethelper/pets/:id   --> github.com/zooplatforma/backend/internal/pethelper.SetupRoutes.func5 (6 handlers)
[GIN-debug] GET    /api/pethelper/pets/:id/vaccinations --> github.com/zooplatforma/backend/internal/mainfrontend/pets.(*Handler).GetVaccinations-fm (6 handlers)
[GIN-debug] POST   /api/pethelper/pets/:id/vaccinations --> github.com/zooplatforma/backend/internal/mainfrontend/pets.(*Handler).CreateVaccination-fm (6 handlers)
[GIN-debug] GET    /api/pethelper/pets/:id/treatments --> github.com/zooplatforma/backend/internal/mainfrontend/pets.(*Handler).GetTreatments-fm (6 handlers)
[GIN-debug] POST   /api/pethelper/pets/:id/treatments --> github.com/zooplatforma/backend/internal/mainfrontend/pets.(*Handler).CreateTreatment-fm (6 handlers)
[GIN-debug] GET    /api/pethelper/pets/:id/medical-records --> github.com/zooplatforma/backend/internal/mainfrontend/pets.(*Handler).GetMedicalRecords-fm (6 handlers)
[GIN-debug] POST   /api/pethelper/pets/:id/medical-records --> github.com/zooplatforma/backend/internal/mainfrontend/pets.(*Handler).CreateMedicalRecord-fm (6 handlers)
[GIN-debug] GET    /api/pethelper/pets/:id/timeline --> github.com/zooplatforma/backend/internal/mainfrontend/pets.(*Handler).GetTimeline-fm (6 handlers)
[GIN-debug] PUT    /api/pethelper/vaccinations/:id --> github.com/zooplatforma/backend/internal/mainfrontend/pets.(*Handler).UpdateVaccination-fm (6 handlers)
[GIN-debug] DELETE /api/pethelper/vaccinations/:id --> github.com/zooplatforma/backend/internal/mainfrontend/pets.(*Handler).DeleteVaccination-fm (6 handlers)
[GIN-debug] PUT    /api/pethelper/treatments/:id --> github.com/zooplatforma/backend/internal/mainfrontend/pets.(*Handler).UpdateTreatment-fm (6 handlers)
[GIN-debug] DELETE /api/pethelper/treatments/:id --> github.com/zooplatforma/backend/internal/mainfrontend/pets.(*Handler).DeleteTreatment-fm (6 handlers)
[GIN-debug] PUT    /api/pethelper/medical-records/:id --> github.com/zooplatforma/backend/internal/mainfrontend/pets.(*Handler).UpdateMedicalRecord-fm (6 handlers)
[GIN-debug] DELETE /api/pethelper/medical-records/:id --> github.com/zooplatforma/backend/internal/mainfrontend/pets.(*Handler).DeleteMedicalRecord-fm (6 handlers)
[GIN-debug] GET    /api/pethelper/organizations --> github.com/zooplatforma/backend/internal/mainfrontend/organizations.(*Handler).GetAll-fm (6 handlers)
[GIN-debug] GET    /api/pethelper/organizations/:id --> github.com/zooplatforma/backend/internal/mainfrontend/organizations.(*Handler).GetByID-fm (6 handlers)
[GIN-debug] GET    /api/pethelper/health     --> github.com/zooplatforma/backend/internal/pethelper.SetupRoutes.func6 (6 handlers)
[GIN-debug] POST   /api/petid/auth/login     --> github.com/zooplatforma/backend/internal/shared/auth.(*Handler).Login-fm (6 handlers)
[GIN-debug] GET    /api/petid/auth/me        --> github.com/zooplatforma/backend/internal/shared/auth.(*Handler).Me-fm (6 handlers)
[GIN-debug] GET    /api/petid/breeds         --> github.com/zooplatforma/backend/internal/petid.SetupRoutes.func1 (6 handlers)
[GIN-debug] GET    /api/petid/pets           --> github.com/zooplatforma/backend/internal/petid.SetupRoutes.func2 (6 handlers)
[GIN-debug] GET    /api/petid/pets/:id       --> github.com/zooplatforma/backend/internal/petid.SetupRoutes.func3 (6 handlers)
[GIN-debug] POST   /api/petid/pets/:id/photo --> github.com/zooplatforma/backend/internal/petid.SetupRoutes.func4 (6 handlers)
[GIN-debug] GET    /api/petid/organizations  --> github.com/zooplatforma/backend/internal/petid.SetupRoutes.func5 (6 handlers)
[GIN-debug] GET    /api/petid/health         --> github.com/zooplatforma/backend/internal/petid.SetupRoutes.func6 (6 handlers)
[GIN-debug] POST   /api/zooassistant/auth/login --> github.com/zooplatforma/backend/internal/shared/auth.(*Handler).Login-fm (6 handlers)
[GIN-debug] POST   /api/zooassistant/auth/logout --> github.com/zooplatforma/backend/internal/shared/auth.(*Handler).Logout-fm (6 handlers)
[GIN-debug] GET    /api/zooassistant/auth/me --> github.com/zooplatforma/backend/internal/shared/auth.(*Handler).Me-fm (6 handlers)
[GIN-debug] GET    /api/zooassistant/health  --> github.com/zooplatforma/backend/internal/zooassistant.SetupRoutes.func1 (6 handlers)
[GIN-debug] POST   /api/zooassistant/assistant/chat --> github.com/zooplatforma/backend/internal/zooassistant.SetupRoutes.func2 (6 handlers)
2026/03/17 00:22:51 Сервер запускается на порту 8000
[GIN-debug] [WARNING] You trusted all proxies, this is NOT safe. We recommend you to set a value.
Please check https://github.com/gin-gonic/gin/blob/master/docs/doc.md#dont-trust-all-proxies for details.
[GIN-debug] Listening and serving HTTP on :8000
